Training l1_cp with MK loss
Val
shot1_acc 67.70
shot1_conf 0.40
shot5_acc 82.66
shot5_conf 0.26
Test
shot1_acc 64.60
shot1_conf 0.20
shot5_acc 79.98
shot5_conf 0.14
Training l1_wcp with MK loss
Val
shot1_acc 68.33
shot1_conf 0.39
shot5_acc 82.84
shot5_conf 0.25
Test
shot1_acc 64.70
shot1_conf 0.20
shot5_acc 79.86
shot5_conf 0.14
Training l2_cp with MK loss
Val
shot1_acc 67.47
shot1_conf 0.39
shot5_acc 81.62
shot5_conf 0.27
Test
shot1_acc 63.41
shot1_conf 0.20
shot5_acc 78.25
shot5_conf 0.15
Training l2_wcp with MK loss
Val
shot1_acc 67.80
shot1_conf 0.40
shot5_acc 81.88
shot5_conf 0.26
Test
shot1_acc 63.55
shot1_conf 0.20
shot5_acc 78.30
shot5_conf 0.15
Training l1_cp with PP loss
Val
shot1_acc 66.03
shot1_conf 0.38
shot5_acc 82.30
shot5_conf 0.26
Test
shot1_acc 63.83
shot1_conf 0.20
shot5_acc 80.65
shot5_conf 0.14
Training l1_wcp with PP loss
Val
shot1_acc 66.13
shot1_conf 0.38
shot5_acc 82.15
shot5_conf 0.26
Test
shot1_acc 63.79
shot1_conf 0.20
shot5_acc 80.54
shot5_conf 0.14
Training l2_cp with PP loss
Val
shot1_acc 66.03
shot1_conf 0.38
shot5_acc 81.77
shot5_conf 0.26
Test
shot1_acc 63.03
shot1_conf 0.20
shot5_acc 79.24
shot5_conf 0.15
Training l2_wcp with PP loss
Val
shot1_acc 65.82
shot1_conf 0.38
shot5_acc 82.14
shot5_conf 0.26
Test
shot1_acc 63.83
shot1_conf 0.20
shot5_acc 79.97
shot5_conf 0.15
Training l1_cp with KK loss
Val
shot1_acc 65.66
shot1_conf 0.39
shot5_acc 81.75
shot5_conf 0.26
Test
shot1_acc 62.52
shot1_conf 0.20
shot5_acc 78.62
shot5_conf 0.15
Training l1_wcp with KK loss
Val
shot1_acc 66.41
shot1_conf 0.40
shot5_acc 82.06
shot5_conf 0.26
Test
shot1_acc 63.62
shot1_conf 0.20
shot5_acc 79.35
shot5_conf 0.15
Training l2_cp with KK loss
Val
shot1_acc 66.52
shot1_conf 0.38
shot5_acc 81.75
shot5_conf 0.26
Test
shot1_acc 62.86
shot1_conf 0.20
shot5_acc 78.41
shot5_conf 0.15
Training l2_wcp with KK loss
Val
shot1_acc 66.44
shot1_conf 0.39
shot5_acc 81.45
shot5_conf 0.26
Test
shot1_acc 63.04
shot1_conf 0.20
shot5_acc 78.40
shot5_conf 0.15
